#
# A fatal error has been detected by the Java Runtime Environment:
#
#  EXCEPTION_ACCESS_VIOLATION (0xc0000005) at pc=0x000002963be4db44, pid=22632, tid=28156
#
# JRE version: OpenJDK Runtime Environment (11.0+28) (build 11+28)
# Java VM: OpenJDK 64-Bit Server VM (11+28, mixed mode, tiered, compressed oops, g1 gc, windows-amd64)
# Problematic frame:
# j  org.gradle.api.tasks.testing.Test_Decorated.<init>()V+1
#
# No core dump will be written. Minidumps are not enabled by default on client versions of Windows
#
# If you would like to submit a bug report, please visit:
#   http://bugreport.java.com/bugreport/crash.jsp
#

---------------  S U M M A R Y ------------

Command Line: --add-opens=java.base/java.util=ALL-UNNAMED --add-opens=java.base/java.lang=ALL-UNNAMED --add-opens=java.base/java.lang.invoke=ALL-UNNAMED --add-opens=java.base/java.util=ALL-UNNAMED --add-opens=java.prefs/java.util.prefs=ALL-UNNAMED --add-opens=java.prefs/java.util.prefs=ALL-UNNAMED --add-opens=java.base/java.nio.charset=ALL-UNNAMED --add-opens=java.base/java.net=ALL-UNNAMED --add-opens=java.base/java.util.concurrent.atomic=ALL-UNNAMED -XX:MaxMetaspaceSize=256m -XX:+HeapDumpOnOutOfMemoryError -Xms256m -Xmx512m -Dfile.encoding=UTF-8 -Duser.country=KR -Duser.language=ko -Duser.variant org.gradle.launcher.daemon.bootstrap.GradleDaemon 7.5

Host: Intel(R) Core(TM) i7-8700 CPU @ 3.20GHz, 12 cores, 15G,  Windows 10 , 64 bit Build 19041 (10.0.19041.1889)
Time: Wed Oct 26 01:51:13 2022 대한민국 표준시 elapsed time: 7402 seconds (0d 2h 3m 22s)

---------------  T H R E A D  ---------------

Current thread (0x0000029652dfc000):  JavaThread "Daemon worker Thread 4" [_thread_in_Java, id=28156, stack(0x000000f250700000,0x000000f250800000)]

Stack: [0x000000f250700000,0x000000f250800000],  sp=0x000000f2507f7968,  free space=990k
Native frames: (J=compiled Java code, j=interpreted, Vv=VM code, C=native code)
C  0x000002963be4db44


siginfo: EXCEPTION_ACCESS_VIOLATION (0xc0000005), reading address 0x000000000000474c


Register to memory mapping:

RIP=0x000002963be4db44 is at code_begin+4 in an Interpreter codelet
method entry point (kind = zerolocals)  [0x000002963be4db40, 0x000002963be4e040]  1280 bytes
RAX=0x0 is NULL
RBX={method} {0x0000029658de4838} 
[error occurred during error reporting (printing register info), id 0xc0000005, EXCEPTION_ACCESS_VIOLATION (0xc0000005) at pc=0x00007ffc90d10a5a]

Registers:
RAX=0x0000000000000000, RBX=0x0000029658de4830, RCX=0x00000000ecebf790, RDX=0x0000000000004718
RSP=0x000000f2507f7968, RBP=0x000000f2507f79c0, RSI=0x000000f2507f7e90, RDI=0x0000000000000001
R8 =0x000000f2507f7ea0, R9 =0x0000000000000001, R10=0x00007ffc911ab4b0, R11=0x000000f2507f7b68
R12=0x0000000000000000, R13=0x000000f2507f7970, R14=0x000000f2507f79d0, R15=0x0000029652dfc000
RIP=0x000002963be4db44, EFLAGS=0x0000000000010246

Top of Stack: (sp=0x000000f2507f7968)
0x000000f2507f7968:   000002963be49e03 00000000ecebf790
0x000000f2507f7978:   000000f2507f7978 0000029659299571
0x000000f2507f7988:   000000f2507f79d0 0000029659299748
0x000000f2507f7998:   0000000000000000 00000000e2887f70
0x000000f2507f79a8:   0000029659299580 000000f2507f7970
0x000000f2507f79b8:   000000f2507f79d0 000000f2507f7bb0
0x000000f2507f79c8:   000002963be40a90 00000000ecebf790
0x000000f2507f79d8:   0000000059238d00 0000000000000000
0x000000f2507f79e8:   00000000590c4df0 0000000000000000
0x000000f2507f79f8:   0000000000000000 0000000000000000
0x000000f2507f7a08:   00007ffd1a7d5ba1 0000000000000000
0x000000f2507f7a18:   0000000000000000 0000000059053cf8
0x000000f2507f7a28:   0000000000000000 0000000000000000
0x000000f2507f7a38:   0000000000000000 0000029652fb9770
0x000000f2507f7a48:   0000000059238cb0 0000000000000000
0x000000f2507f7a58:   0000029655ab9bb0 0000ce6962d7adc4 

Instructions: (pc=0x000002963be4db44)
0x000002963be4db24:   00 00 00 00 10 76 00 91 fc 7f 00 00 ff ff ff ff
0x000002963be4db34:   00 00 00 00 00 00 00 00 00 00 00 00 48 8b 53 08
0x000002963be4db44:   0f b7 4a 34 0f b7 52 32 2b d1 81 fa f5 01 00 00
0x000002963be4db54:   0f 86 25 00 00 00 48 8b c2 48 c1 e0 03 48 83 c0 


method entry point (kind = zerolocals)  [0x000002963be4db40, 0x000002963be4e040]  1280 bytes

---------------  P R O C E S S  ---------------

Threads class SMR info:
_java_thread_list=0x000002965308ec80, length=66, elements={
0x0000029633b01000, 0x000002964fa8e800, 0x000002964fa90000, 0x000002964fabe000,
0x00000296503ea000, 0x00000296503ec000, 0x00000296503f3000, 0x00000296503f7000,
0x0000029650564000, 0x0000029650571800, 0x0000029652b0b800, 0x0000029652d9f800,
0x00000296523ce800, 0x000002965301a000, 0x000002965301d000, 0x000002965301f000,
0x000002965301f800, 0x0000029653020800, 0x000002965301c800, 0x00000296529d5800,
0x00000296529d8000, 0x00000296529d3000, 0x00000296529d5000, 0x00000296529db800,
0x00000296529dd000, 0x00000296529de000, 0x00000296529da000, 0x00000296529de800,
0x00000296529d9000, 0x00000296529dc000, 0x00000296529e0800, 0x0000029652e45000,
0x0000029652e44000, 0x00000296571c5000, 0x0000029652df8000, 0x0000029652dfa000,
0x0000029652df8800, 0x0000029652dfc000, 0x0000029652df9800, 0x0000029652dfb000,
0x0000029652df6000, 0x0000029652dfc800, 0x0000029652df7000, 0x0000029652e01800,
0x0000029652e00800, 0x0000029652e02800, 0x0000029652dfd800, 0x0000029652e04000,
0x0000029652e03000, 0x0000029652e05000, 0x0000029652dff000, 0x0000029652e00000,
0x00000296571c2800, 0x00000296571c1800, 0x00000296571c3800, 0x00000296571c4000,
0x00000296571c5800, 0x00000296571c6800, 0x00000296571c1000, 0x00000296571ca800,
0x00000296571cb800, 0x00000296571cd000, 0x00000296571c8000, 0x00000296571cc800,
0x00000296571c7800, 0x00000296571ce000
}

Java Threads: ( => current thread )
  0x0000029633b01000 JavaThread "main" [_thread_blocked, id=7512, stack(0x000000f24ec00000,0x000000f24ed00000)]
  0x000002964fa8e800 JavaThread "Reference Handler" daemon [_thread_blocked, id=15988, stack(0x000000f24f300000,0x000000f24f400000)]
  0x000002964fa90000 JavaThread "Finalizer" daemon [_thread_blocked, id=27344, stack(0x000000f24f400000,0x000000f24f500000)]
  0x000002964fabe000 JavaThread "Signal Dispatcher" daemon [_thread_blocked, id=18028, stack(0x000000f24f500000,0x000000f24f600000)]
  0x00000296503ea000 JavaThread "Attach Listener" daemon [_thread_blocked, id=30136, stack(0x000000f24f600000,0x000000f24f700000)]
  0x00000296503ec000 JavaThread "C2 CompilerThread0" daemon [_thread_blocked, id=23948, stack(0x000000f24f700000,0x000000f24f800000)]
  0x00000296503f3000 JavaThread "C1 CompilerThread0" daemon [_thread_blocked, id=27584, stack(0x000000f24f800000,0x000000f24f900000)]
  0x00000296503f7000 JavaThread "Sweeper thread" daemon [_thread_blocked, id=22656, stack(0x000000f24f900000,0x000000f24fa00000)]
  0x0000029650564000 JavaThread "Common-Cleaner" daemon [_thread_blocked, id=2652, stack(0x000000f24fa00000,0x000000f24fb00000)]
  0x0000029650571800 JavaThread "Service Thread" daemon [_thread_blocked, id=28936, stack(0x000000f24fb00000,0x000000f24fc00000)]
  0x0000029652b0b800 JavaThread "Daemon health stats" [_thread_blocked, id=26144, stack(0x000000f250400000,0x000000f250500000)]
  0x0000029652d9f800 JavaThread "Incoming local TCP Connector on port 4974" [_thread_in_native, id=24292, stack(0x000000f250500000,0x000000f250600000)]
  0x00000296523ce800 JavaThread "Daemon periodic checks" [_thread_blocked, id=6876, stack(0x000000f250600000,0x000000f250700000)]
  0x000002965301a000 JavaThread "Cache worker for journal cache (D:\sparta_coding\sparta\6week\caches\journal-1)" [_thread_blocked, id=8300, stack(0x000000f250200000,0x000000f250300000)]
  0x000002965301d000 JavaThread "File lock request listener" [_thread_in_native, id=30124, stack(0x000000f250300000,0x000000f250400000)]
  0x000002965301f000 JavaThread "Cache worker for file hash cache (D:\sparta_coding\sparta\6week\caches\7.5\fileHashes)" [_thread_blocked, id=28292, stack(0x000000f250e00000,0x000000f250f00000)]
  0x000002965301f800 JavaThread "File watcher server" daemon [_thread_in_native, id=2920, stack(0x000000f251500000,0x000000f251600000)]
  0x0000029653020800 JavaThread "File watcher consumer" daemon [_thread_blocked, id=28104, stack(0x000000f251600000,0x000000f251700000)]
  0x000002965301c800 JavaThread "Cache worker for file content cache (D:\sparta_coding\sparta\6week\caches\7.5\fileContent)" [_thread_blocked, id=21416, stack(0x000000f251a00000,0x000000f251b00000)]
  0x00000296529d5800 JavaThread "Cache worker for execution history cache (D:\sparta_coding\sparta\6week\caches\7.5\executionHistory)" [_thread_blocked, id=7628, stack(0x000000f251d00000,0x000000f251e00000)]
  0x00000296529d8000 JavaThread "jar transforms" [_thread_blocked, id=3548, stack(0x000000f251e00000,0x000000f251f00000)]
  0x00000296529d3000 JavaThread "jar transforms Thread 2" [_thread_blocked, id=25952, stack(0x000000f251f00000,0x000000f252000000)]
  0x00000296529d5000 JavaThread "jar transforms Thread 3" [_thread_blocked, id=27424, stack(0x000000f252100000,0x000000f252200000)]
  0x00000296529db800 JavaThread "jar transforms Thread 4" [_thread_blocked, id=11012, stack(0x000000f252200000,0x000000f252300000)]
  0x00000296529dd000 JavaThread "jar transforms Thread 5" [_thread_blocked, id=1604, stack(0x000000f252300000,0x000000f252400000)]
  0x00000296529de000 JavaThread "jar transforms Thread 6" [_thread_blocked, id=18628, stack(0x000000f252400000,0x000000f252500000)]
  0x00000296529da000 JavaThread "jar transforms Thread 7" [_thread_blocked, id=30592, stack(0x000000f252500000,0x000000f252600000)]
  0x00000296529de800 JavaThread "jar transforms Thread 8" [_thread_blocked, id=27568, stack(0x000000f252600000,0x000000f252700000)]
  0x00000296529d9000 JavaThread "jar transforms Thread 9" [_thread_blocked, id=6240, stack(0x000000f252700000,0x000000f252800000)]
  0x00000296529dc000 JavaThread "jar transforms Thread 10" [_thread_blocked, id=26844, stack(0x000000f252800000,0x000000f252900000)]
  0x00000296529e0800 JavaThread "jar transforms Thread 11" [_thread_blocked, id=22852, stack(0x000000f252a00000,0x000000f252b00000)]
  0x0000029652e45000 JavaThread "jar transforms Thread 12" [_thread_blocked, id=30200, stack(0x000000f253f00000,0x000000f254000000)]
  0x0000029652e44000 JavaThread "Memory manager" [_thread_blocked, id=8692, stack(0x000000f254000000,0x000000f254100000)]
  0x00000296571c5000 JavaThread "Cache worker for Java compile cache (D:\sparta_coding\sparta\6week\caches\7.5\javaCompile)" [_thread_blocked, id=18452, stack(0x000000f25a100000,0x000000f25a200000)]
  0x0000029652df8000 JavaThread "Daemon Thread 4" [_thread_blocked, id=27500, stack(0x000000f24e900000,0x000000f24ea00000)]
  0x0000029652dfa000 JavaThread "Handler for socket connection from /127.0.0.1:4974 to /127.0.0.1:4528" [_thread_in_native, id=25088, stack(0x000000f24ea00000,0x000000f24eb00000)]
  0x0000029652df8800 JavaThread "Cancel handler" [_thread_blocked, id=18300, stack(0x000000f24eb00000,0x000000f24ec00000)]
=>0x0000029652dfc000 JavaThread "Daemon worker Thread 4" [_thread_in_Java, id=28156, stack(0x000000f250700000,0x000000f250800000)]
  0x0000029652df9800 JavaThread "Asynchronous log dispatcher for DefaultDaemonConnection: socket connection from /127.0.0.1:4974 to /127.0.0.1:4528" [_thread_blocked, id=27828, stack(0x000000f250800000,0x000000f250900000)]
  0x0000029652dfb000 JavaThread "Stdin handler" [_thread_blocked, id=12692, stack(0x000000f250900000,0x000000f250a00000)]
  0x0000029652df6000 JavaThread "Daemon client event forwarder" [_thread_blocked, id=28624, stack(0x000000f250a00000,0x000000f250b00000)]
  0x0000029652dfc800 JavaThread "Cache worker for checksums cache (D:\sparta_coding\sparta\8week\final-be\.gradle\7.5\checksums)" [_thread_blocked, id=27652, stack(0x000000f250b00000,0x000000f250c00000)]
  0x0000029652df7000 JavaThread "Cache worker for cache directory md-rule (D:\sparta_coding\sparta\6week\caches\7.5\md-rule)" [_thread_blocked, id=1180, stack(0x000000f250c00000,0x000000f250d00000)]
  0x0000029652e01800 JavaThread "Cache worker for file hash cache (D:\sparta_coding\sparta\8week\final-be\.gradle\7.5\fileHashes)" [_thread_blocked, id=27020, stack(0x000000f250d00000,0x000000f250e00000)]
  0x0000029652e00800 JavaThread "Cache worker for cache directory md-supplier (D:\sparta_coding\sparta\6week\caches\7.5\md-supplier)" [_thread_blocked, id=23652, stack(0x000000f251800000,0x000000f251900000)]
  0x0000029652e02800 JavaThread "Cache worker for dependencies-accessors (D:\sparta_coding\sparta\8week\final-be\.gradle\7.5\dependencies-accessors)" [_thread_blocked, id=27288, stack(0x000000f251900000,0x000000f251a00000)]
  0x0000029652dfd800 JavaThread "Cache worker for Build Output Cleanup Cache (D:\sparta_coding\sparta\8week\final-be\.gradle\buildOutputCleanup)" [_thread_blocked, id=1364, stack(0x000000f251b00000,0x000000f251c00000)]
  0x0000029652e04000 JavaThread "Unconstrained build operations" [_thread_blocked, id=25712, stack(0x000000f251c00000,0x000000f251d00000)]
  0x0000029652e03000 JavaThread "Unconstrained build operations Thread 2" [_thread_blocked, id=20732, stack(0x000000f252000000,0x000000f252100000)]
  0x0000029652e05000 JavaThread "Unconstrained build operations Thread 3" [_thread_blocked, id=29156, stack(0x000000f252900000,0x000000f252a00000)]
  0x0000029652dff000 JavaThread "Unconstrained build operations Thread 4" [_thread_blocked, id=27764, stack(0x000000f252b00000,0x000000f252c00000)]
  0x0000029652e00000 JavaThread "Unconstrained build operations Thread 5" [_thread_blocked, id=28880, stack(0x000000f252c00000,0x000000f252d00000)]
  0x00000296571c2800 JavaThread "Unconstrained build operations Thread 6" [_thread_blocked, id=29004, stack(0x000000f252d00000,0x000000f252e00000)]
  0x00000296571c1800 JavaThread "Unconstrained build operations Thread 7" [_thread_blocked, id=25112, stack(0x000000f252e00000,0x000000f252f00000)]
  0x00000296571c3800 JavaThread "Unconstrained build operations Thread 8" [_thread_blocked, id=21340, stack(0x000000f252f00000,0x000000f253000000)]
  0x00000296571c4000 JavaThread "Unconstrained build operations Thread 9" [_thread_blocked, id=8064, stack(0x000000f253000000,0x000000f253100000)]
  0x00000296571c5800 JavaThread "Unconstrained build operations Thread 10" [_thread_blocked, id=26760, stack(0x000000f253100000,0x000000f253200000)]
  0x00000296571c6800 JavaThread "Unconstrained build operations Thread 11" [_thread_blocked, id=13504, stack(0x000000f253200000,0x000000f253300000)]
  0x00000296571c1000 JavaThread "Unconstrained build operations Thread 12" [_thread_blocked, id=26652, stack(0x000000f253300000,0x000000f253400000)]
  0x00000296571ca800 JavaThread "Unconstrained build operations Thread 13" [_thread_blocked, id=28792, stack(0x000000f253400000,0x000000f253500000)]
  0x00000296571cb800 JavaThread "Unconstrained build operations Thread 14" [_thread_blocked, id=24616, stack(0x000000f253500000,0x000000f253600000)]
  0x00000296571cd000 JavaThread "Unconstrained build operations Thread 15" [_thread_blocked, id=9700, stack(0x000000f253600000,0x000000f253700000)]
  0x00000296571c8000 JavaThread "Unconstrained build operations Thread 16" [_thread_blocked, id=26516, stack(0x000000f253700000,0x000000f253800000)]
  0x00000296571cc800 JavaThread "Unconstrained build operations Thread 17" [_thread_blocked, id=26848, stack(0x000000f253800000,0x000000f253900000)]
  0x00000296571c7800 JavaThread "Unconstrained build operations Thread 18" [_thread_blocked, id=28888, stack(0x000000f253900000,0x000000f253a00000)]
  0x00000296571ce000 JavaThread "Unconstrained build operations Thread 19" [_thread_blocked, id=26476, stack(0x000000f253a00000,0x000000f253b00000)]

Other Threads:
  0x000002964fa68000 VMThread "VM Thread" [stack: 0x000000f24f200000,0x000000f24f300000] [id=12116]
  0x0000029650572800 WatcherThread [stack: 0x000000f24fc00000,0x000000f24fd00000] [id=27356]
  0x0000029633b1b000 GCTaskThread "GC Thread#0" [stack: 0x000000f24ed00000,0x000000f24ee00000] [id=25916]
  0x0000029650915800 GCTaskThread "GC Thread#1" [stack: 0x000000f24fd00000,0x000000f24fe00000] [id=25620]
  0x0000029650f82000 GCTaskThread "GC Thread#2" [stack: 0x000000f24fe00000,0x000000f24ff00000] [id=27080]
  0x0000029650a66800 GCTaskThread "GC Thread#3" [stack: 0x000000f24ff00000,0x000000f250000000] [id=1976]
  0x0000029650f4c000 GCTaskThread "GC Thread#4" [stack: 0x000000f250000000,0x000000f250100000] [id=28952]
  0x0000029651010000 GCTaskThread "GC Thread#5" [stack: 0x000000f250100000,0x000000f250200000] [id=12812]
  0x0000029650eef800 GCTaskThread "GC Thread#6" [stack: 0x000000f250f00000,0x000000f251000000] [id=6396]
  0x00000296523c5800 GCTaskThread "GC Thread#7" [stack: 0x000000f251000000,0x000000f251100000] [id=9336]
  0x0000029650648000 GCTaskThread "GC Thread#8" [stack: 0x000000f251100000,0x000000f251200000] [id=29612]
  0x0000029650651800 GCTaskThread "GC Thread#9" [stack: 0x000000f251200000,0x000000f251300000] [id=11128]
  0x0000029633b2b800 ConcurrentGCThread "G1 Main Marker" [stack: 0x000000f24ee00000,0x000000f24ef00000] [id=26460]
  0x0000029633b2e000 ConcurrentGCThread "G1 Conc#0" [stack: 0x000000f24ef00000,0x000000f24f000000] [id=29224]
  0x00000296523ae800 ConcurrentGCThread "G1 Conc#1" [stack: 0x000000f251300000,0x000000f251400000] [id=27084]
  0x0000029651b6a800 ConcurrentGCThread "G1 Conc#2" [stack: 0x000000f251400000,0x000000f251500000] [id=29708]
  0x0000029633bee000 ConcurrentGCThread "G1 Refine#0" [stack: 0x000000f24f000000,0x000000f24f100000] [id=24796]
  0x0000029657afd800 ConcurrentGCThread "G1 Refine#1" [stack: 0x000000f251700000,0x000000f251800000] [id=25992]
  0x000002964f908800 ConcurrentGCThread "G1 Young RemSet Sampling" [stack: 0x000000f24f100000,0x000000f24f200000] [id=29516]

Threads with active compile tasks:

VM state:not at safepoint (normal execution)

VM Mutex/Monitor currently owned by a thread: None

Heap address: 0x00000000e0000000, size: 512 MB, Compressed Oops mode: 32-bit
Narrow klass base: 0x0000000000000000, Narrow klass shift: 3
Compressed class space size: 260046848 Address: 0x0000000100000000

Heap:
 garbage-first heap   total 262144K, used 136837K [0x00000000e0000000, 0x0000000100000000)
  region size 1024K, 52 young (53248K), 2 survivors (2048K)
 Metaspace       used 83192K, capacity 85856K, committed 86016K, reserved 329728K
  class space    used 10445K, capacity 11431K, committed 11520K, reserved 253952K
Heap Regions: E=young(eden), S=young(survivor), O=old, HS=humongous(starts), HC=humongous(continues), CS=collection set, F=free, A=archive, TAMS=top-at-mark-start (previous, next)
|   0|0x00000000e0000000, 0x00000000e0100000, 0x00000000e0100000|100%| O|  |TAMS 0x00000000e0100000, 0x00000000e0000000| Untracked 
|   1|0x00000000e0100000, 0x00000000e0200000, 0x00000000e0200000|100%| O|  |TAMS 0x00000000e0200000, 0x00000000e0100000| Untracked 
|   2|0x00000000e0200000, 0x00000000e0300000, 0x00000000e0300000|100%| O|  |TAMS 0x00000000e0300000, 0x00000000e0200000| Untracked 
|   3|0x00000000e0300000, 0x00000000e0400000, 0x00000000e0400000|100%|HS|  |TAMS 0x00000000e0400000, 0x00000000e0300000| Complete 
|   4|0x00000000e0400000, 0x00000000e0500000, 0x00000000e0500000|100%|HC|  |TAMS 0x00000000e0500000, 0x00000000e0400000| Complete 
|   5|0x00000000e0500000, 0x00000000e0600000, 0x00000000e0600000|100%|HC|  |TAMS 0x00000000e0600000, 0x00000000e0500000| Complete 
|   6|0x00000000e0600000, 0x00000000e0700000, 0x00000000e0700000|100%| O|  |TAMS 0x00000000e0700000, 0x00000000e0600000| Untracked 
|   7|0x00000000e0700000, 0x00000000e0800000, 0x00000000e0800000|100%| O|  |TAMS 0x00000000e0800000, 0x00000000e0700000| Untracked 
|   8|0x00000000e0800000, 0x00000000e0900000, 0x00000000e0900000|100%| O|  |TAMS 0x00000000e0900000, 0x00000000e0800000| Untracked 
|   9|0x00000000e0900000, 0x00000000e0a00000, 0x00000000e0a00000|100%| O|  |TAMS 0x00000000e0a00000, 0x00000000e0900000| Untracked 
|  10|0x00000000e0a00000, 0x00000000e0b00000, 0x00000000e0b00000|100%| O|  |TAMS 0x00000000e0b00000, 0x00000000e0a00000| Untracked 
|  11|0x00000000e0b00000, 0x00000000e0c00000, 0x00000000e0c00000|100%| O|  |TAMS 0x00000000e0c00000, 0x00000000e0b00000| Untracked 
|  12|0x00000000e0c00000, 0x00000000e0d00000, 0x00000000e0d00000|100%| O|  |TAMS 0x00000000e0d00000, 0x00000000e0c00000| Untracked 
|  13|0x00000000e0d00000, 0x00000000e0e00000, 0x00000000e0e00000|100%| O|  |TAMS 0x00000000e0e00000, 0x00000000e0d00000| Untracked 
|  14|0x00000000e0e00000, 0x00000000e0f00000, 0x00000000e0f00000|100%| O|  |TAMS 0x00000000e0f00000, 0x00000000e0e00000| Untracked 
|  15|0x00000000e0f00000, 0x00000000e1000000, 0x00000000e1000000|100%| O|  |TAMS 0x00000000e1000000, 0x00000000e0f00000| Untracked 
|  16|0x00000000e1000000, 0x00000000e1100000, 0x00000000e1100000|100%| O|  |TAMS 0x00000000e1100000, 0x00000000e1000000| Untracked 
|  17|0x00000000e1100000, 0x00000000e1200000, 0x00000000e1200000|100%| O|  |TAMS 0x00000000e1200000, 0x00000000e1100000| Untracked 
|  18|0x00000000e1200000, 0x00000000e1300000, 0x00000000e1300000|100%| O|  |TAMS 0x00000000e1300000, 0x00000000e1200000| Untracked 
|  19|0x00000000e1300000, 0x00000000e1400000, 0x00000000e1400000|100%| O|  |TAMS 0x00000000e1400000, 0x00000000e1300000| Untracked 
|  20|0x00000000e1400000, 0x00000000e1500000, 0x00000000e1500000|100%| O|  |TAMS 0x00000000e1500000, 0x00000000e1400000| Untracked 
|  21|0x00000000e1500000, 0x00000000e1600000, 0x00000000e1600000|100%| O|  |TAMS 0x00000000e15da600, 0x00000000e1500000| Untracked 
|  22|0x00000000e1600000, 0x00000000e1700000, 0x00000000e1700000|100%| O|  |TAMS 0x00000000e1600000, 0x00000000e1600000| Untracked 
|  23|0x00000000e1700000, 0x00000000e1800000, 0x00000000e1800000|100%| O|  |TAMS 0x00000000e1700000, 0x00000000e1700000| Untracked 
|  24|0x00000000e1800000, 0x00000000e1900000, 0x00000000e1900000|100%| O|  |TAMS 0x00000000e1800000, 0x00000000e1800000| Untracked 
|  25|0x00000000e1900000, 0x00000000e1a00000, 0x00000000e1a00000|100%| O|  |TAMS 0x00000000e1900000, 0x00000000e1900000| Untracked 
|  26|0x00000000e1a00000, 0x00000000e1b00000, 0x00000000e1b00000|100%| O|  |TAMS 0x00000000e1a00000, 0x00000000e1a00000| Untracked 
|  27|0x00000000e1b00000, 0x00000000e1c00000, 0x00000000e1c00000|100%| O|  |TAMS 0x00000000e1b00000, 0x00000000e1b00000| Untracked 
|  28|0x00000000e1c00000, 0x00000000e1d00000, 0x00000000e1d00000|100%| O|  |TAMS 0x00000000e1c00000, 0x00000000e1c00000| Untracked 
|  29|0x00000000e1d00000, 0x00000000e1e00000, 0x00000000e1e00000|100%| O|  |TAMS 0x00000000e1d00000, 0x00000000e1d00000| Untracked 
|  30|0x00000000e1e00000, 0x00000000e1f00000, 0x00000000e1f00000|100%| O|  |TAMS 0x00000000e1e00000, 0x00000000e1e00000| Untracked 
|  31|0x00000000e1f00000, 0x00000000e2000000, 0x00000000e2000000|100%| O|  |TAMS 0x00000000e1f00000, 0x00000000e1f00000| Untracked 
|  32|0x00000000e2000000, 0x00000000e2100000, 0x00000000e2100000|100%| O|  |TAMS 0x00000000e2000000, 0x00000000e2000000| Untracked 
|  33|0x00000000e2100000, 0x00000000e2200000, 0x00000000e2200000|100%| O|  |TAMS 0x00000000e2100000, 0x00000000e2100000| Untracked 
|  34|0x00000000e2200000, 0x00000000e2300000, 0x00000000e2300000|100%| O|  |TAMS 0x00000000e2200000, 0x00000000e2200000| Untracked 
|  35|0x00000000e2300000, 0x00000000e2400000, 0x00000000e2400000|100%| O|  |TAMS 0x00000000e2300000, 0x00000000e2300000| Untracked 
|  36|0x00000000e2400000, 0x00000000e2500000, 0x00000000e2500000|100%| O|  |TAMS 0x00000000e2400000, 0x00000000e2400000| Untracked 
|  37|0x00000000e2500000, 0x00000000e2600000, 0x00000000e2600000|100%|HS|  |TAMS 0x00000000e2500000, 0x00000000e2500000| Complete 
|  38|0x00000000e2600000, 0x00000000e2700000, 0x00000000e2700000|100%| O|  |TAMS 0x00000000e2600000, 0x00000000e2600000| Untracked 
|  39|0x00000000e2700000, 0x00000000e2800000, 0x00000000e2800000|100%| O|  |TAMS 0x00000000e2700000, 0x00000000e2700000| Untracked 
|  40|0x00000000e2800000, 0x00000000e2900000, 0x00000000e2900000|100%| O|  |TAMS 0x00000000e2800000, 0x00000000e2800000| Untracked 
|  41|0x00000000e2900000, 0x00000000e2a00000, 0x00000000e2a00000|100%| O|  |TAMS 0x00000000e2900000, 0x00000000e2900000| Untracked 
|  42|0x00000000e2a00000, 0x00000000e2b00000, 0x00000000e2b00000|100%| O|  |TAMS 0x00000000e2a00000, 0x00000000e2a00000| Untracked 
|  43|0x00000000e2b00000, 0x00000000e2c00000, 0x00000000e2c00000|100%| O|  |TAMS 0x00000000e2b00000, 0x00000000e2b00000| Untracked 
|  44|0x00000000e2c00000, 0x00000000e2d00000, 0x00000000e2d00000|100%| O|  |TAMS 0x00000000e2c00000, 0x00000000e2c00000| Untracked 
|  45|0x00000000e2d00000, 0x00000000e2e00000, 0x00000000e2e00000|100%| O|  |TAMS 0x00000000e2d00000, 0x00000000e2d00000| Untracked 
|  46|0x00000000e2e00000, 0x00000000e2f00000, 0x00000000e2f00000|100%| O|  |TAMS 0x00000000e2e00000, 0x00000000e2e00000| Untracked 
|  47|0x00000000e2f00000, 0x00000000e3000000, 0x00000000e3000000|100%| O|  |TAMS 0x00000000e2f00000, 0x00000000e2f00000| Untracked 
|  48|0x00000000e3000000, 0x00000000e3100000, 0x00000000e3100000|100%| O|  |TAMS 0x00000000e3000000, 0x00000000e3000000| Untracked 
|  49|0x00000000e3100000, 0x00000000e3200000, 0x00000000e3200000|100%| O|  |TAMS 0x00000000e3100000, 0x00000000e3100000| Untracked 
|  50|0x00000000e3200000, 0x00000000e3300000, 0x00000000e3300000|100%| O|  |TAMS 0x00000000e3200000, 0x00000000e3200000| Untracked 
|  51|0x00000000e3300000, 0x00000000e3400000, 0x00000000e3400000|100%| O|  |TAMS 0x00000000e3300000, 0x00000000e3300000| Untracked 
|  52|0x00000000e3400000, 0x00000000e3500000, 0x00000000e3500000|100%| O|  |TAMS 0x00000000e3400000, 0x00000000e3400000| Untracked 
|  53|0x00000000e3500000, 0x00000000e3600000, 0x00000000e3600000|100%| O|  |TAMS 0x00000000e3500000, 0x00000000e3500000| Untracked 
|  54|0x00000000e3600000, 0x00000000e3700000, 0x00000000e3700000|100%| O|  |TAMS 0x00000000e3600000, 0x00000000e3600000| Untracked 
|  55|0x00000000e3700000, 0x00000000e3800000, 0x00000000e3800000|100%| O|  |TAMS 0x00000000e3700000, 0x00000000e3700000| Untracked 
|  56|0x00000000e3800000, 0x00000000e3900000, 0x00000000e3900000|100%| O|  |TAMS 0x00000000e3800000, 0x00000000e3800000| Untracked 
|  57|0x00000000e3900000, 0x00000000e3a00000, 0x00000000e3a00000|100%| O|  |TAMS 0x00000000e3900000, 0x00000000e3900000| Untracked 
|  58|0x00000000e3a00000, 0x00000000e3b00000, 0x00000000e3b00000|100%| O|  |TAMS 0x00000000e3a00000, 0x00000000e3a00000| Untracked 
|  59|0x00000000e3b00000, 0x00000000e3c00000, 0x00000000e3c00000|100%| O|  |TAMS 0x00000000e3b00000, 0x00000000e3b00000| Untracked 
|  60|0x00000000e3c00000, 0x00000000e3d00000, 0x00000000e3d00000|100%| O|  |TAMS 0x00000000e3c00000, 0x00000000e3c00000| Untracked 
|  61|0x00000000e3d00000, 0x00000000e3e00000, 0x00000000e3e00000|100%| O|  |TAMS 0x00000000e3d00000, 0x00000000e3d00000| Untracked 
|  62|0x00000000e3e00000, 0x00000000e3f00000, 0x00000000e3f00000|100%| O|  |TAMS 0x00000000e3e00000, 0x00000000e3e00000| Untracked 
|  63|0x00000000e3f00000, 0x00000000e4000000, 0x00000000e4000000|100%| O|  |TAMS 0x00000000e3f00000, 0x00000000e3f00000| Untracked 
|  64|0x00000000e4000000, 0x00000000e4100000, 0x00000000e4100000|100%| O|  |TAMS 0x00000000e4000000, 0x00000000e4000000| Untracked 
|  65|0x00000000e4100000, 0x00000000e4200000, 0x00000000e4200000|100%| O|  |TAMS 0x00000000e4100000, 0x00000000e4100000| Untracked 
|  66|0x00000000e4200000, 0x00000000e4300000, 0x00000000e4300000|100%| O|  |TAMS 0x00000000e4200000, 0x00000000e4200000| Untracked 
|  67|0x00000000e4300000, 0x00000000e4400000, 0x00000000e4400000|100%| O|  |TAMS 0x00000000e4300000, 0x00000000e4300000| Untracked 
|  68|0x00000000e4400000, 0x00000000e4500000, 0x00000000e4500000|100%|HS|  |TAMS 0x00000000e4400000, 0x00000000e4400000| Complete 
|  69|0x00000000e4500000, 0x00000000e4600000, 0x00000000e4600000|100%| O|  |TAMS 0x00000000e4500000, 0x00000000e4500000| Untracked 
|  70|0x00000000e4600000, 0x00000000e4700000, 0x00000000e4700000|100%| O|  |TAMS 0x00000000e4600000, 0x00000000e4600000| Untracked 
|  71|0x00000000e4700000, 0x00000000e4800000, 0x00000000e4800000|100%| O|  |TAMS 0x00000000e4700000, 0x00000000e4700000| Untracked 
|  72|0x00000000e4800000, 0x00000000e4900000, 0x00000000e4900000|100%| O|  |TAMS 0x00000000e4800000, 0x00000000e4800000| Untracked 
|  73|0x00000000e4900000, 0x00000000e4a00000, 0x00000000e4a00000|100%| O|  |TAMS 0x00000000e4900000, 0x00000000e4900000| Untracked 
|  74|0x00000000e4a00000, 0x00000000e4b00000, 0x00000000e4b00000|100%| O|  |TAMS 0x00000000e4a00000, 0x00000000e4a00000| Untracked 
|  75|0x00000000e4b00000, 0x00000000e4c00000, 0x00000000e4c00000|100%| O|  |TAMS 0x00000000e4b00000, 0x00000000e4b00000| Untracked 
|  76|0x00000000e4c00000, 0x00000000e4d00000, 0x00000000e4d00000|100%| O|  |TAMS 0x00000000e4c00000, 0x00000000e4c00000| Untracked 
|  77|0x00000000e4d00000, 0x00000000e4e00000, 0x00000000e4e00000|100%| O|  |TAMS 0x00000000e4d00000, 0x00000000e4d00000| Untracked 
|  78|0x00000000e4e00000, 0x00000000e4f00000, 0x00000000e4f00000|100%| O|  |TAMS 0x00000000e4e00000, 0x00000000e4e00000| Untracked 
|  79|0x00000000e4f00000, 0x00000000e5000000, 0x00000000e5000000|100%| O|  |TAMS 0x00000000e4f00000, 0x00000000e4f00000| Untracked 
|  80|0x00000000e5000000, 0x00000000e5100000, 0x00000000e5100000|100%| O|  |TAMS 0x00000000e5000000, 0x00000000e5000000| Untracked 
|  81|0x00000000e5100000, 0x00000000e5200000, 0x00000000e5200000|100%| O|  |TAMS 0x00000000e5100000, 0x00000000e5100000| Untracked 
|  82|0x00000000e5200000, 0x00000000e5300000, 0x00000000e5300000|100%| O|  |TAMS 0x00000000e5200000, 0x00000000e5200000| Untracked 
|  83|0x00000000e5300000, 0x00000000e536e400, 0x00000000e5400000| 43%| O|  |TAMS 0x00000000e5300000, 0x00000000e5300000| Untracked 
|  84|0x00000000e5400000, 0x00000000e5400000, 0x00000000e5500000|  0%| F|  |TAMS 0x00000000e5400000, 0x00000000e5400000| Untracked 
|  85|0x00000000e5500000, 0x00000000e5500000, 0x00000000e5600000|  0%| F|  |TAMS 0x00000000e5500000, 0x00000000e5500000| Untracked 
|  86|0x00000000e5600000, 0x00000000e5600000, 0x00000000e5700000|  0%| F|  |TAMS 0x00000000e5600000, 0x00000000e5600000| Untracked 
|  87|0x00000000e5700000, 0x00000000e5700000, 0x00000000e5800000|  0%| F|  |TAMS 0x00000000e5700000, 0x00000000e5700000| Untracked 
|  88|0x00000000e5800000, 0x00000000e5800000, 0x00000000e5900000|  0%| F|  |TAMS 0x00000000e5800000, 0x00000000e5800000| Untracked 
|  89|0x00000000e5900000, 0x00000000e5900000, 0x00000000e5a00000|  0%| F|  |TAMS 0x00000000e5900000, 0x00000000e5900000| Untracked 
|  90|0x00000000e5a00000, 0x00000000e5a00000, 0x00000000e5b00000|  0%| F|  |TAMS 0x00000000e5a00000, 0x00000000e5a00000| Untracked 
|  91|0x00000000e5b00000, 0x00000000e5b00000, 0x00000000e5c00000|  0%| F|  |TAMS 0x00000000e5b00000, 0x00000000e5b00000| Untracked 
|  92|0x00000000e5c00000, 0x00000000e5c00000, 0x00000000e5d00000|  0%| F|  |TAMS 0x00000000e5c00000, 0x00000000e5c00000| Untracked 
|  93|0x00000000e5d00000, 0x00000000e5d00000, 0x00000000e5e00000|  0%| F|  |TAMS 0x00000000e5d00000, 0x00000000e5d00000| Untracked 
|  94|0x00000000e5e00000, 0x00000000e5e00000, 0x00000000e5f00000|  0%| F|  |TAMS 0x00000000e5e00000, 0x00000000e5e00000| Untracked 
|  95|0x00000000e5f00000, 0x00000000e5f00000, 0x00000000e6000000|  0%| F|  |TAMS 0x00000000e5f00000, 0x00000000e5f00000| Untracked 
|  96|0x00000000e6000000, 0x00000000e6000000, 0x00000000e6100000|  0%| F|  |TAMS 0x00000000e6000000, 0x00000000e6000000| Untracked 
|  97|0x00000000e6100000, 0x00000000e6100000, 0x00000000e6200000|  0%| F|  |TAMS 0x00000000e6100000, 0x00000000e6100000| Untracked 
|  98|0x00000000e6200000, 0x00000000e6200000, 0x00000000e6300000|  0%| F|  |TAMS 0x00000000e6200000, 0x00000000e6200000| Untracked 
|  99|0x00000000e6300000, 0x00000000e6300000, 0x00000000e6400000|  0%| F|  |TAMS 0x00000000e6300000, 0x00000000e6300000| Untracked 
| 100|0x00000000e6400000, 0x00000000e6400000, 0x00000000e6500000|  0%| F|  |TAMS 0x00000000e6400000, 0x00000000e6400000| Untracked 
| 101|0x00000000e6500000, 0x00000000e6500000, 0x00000000e6600000|  0%| F|  |TAMS 0x00000000e6500000, 0x00000000e6500000| Untracked 
| 102|0x00000000e6600000, 0x00000000e6600000, 0x00000000e6700000|  0%| F|  |TAMS 0x00000000e6600000, 0x00000000e6600000| Untracked 
| 103|0x00000000e6700000, 0x00000000e6700000, 0x00000000e6800000|  0%| F|  |TAMS 0x00000000e6700000, 0x00000000e6700000| Untracked 
| 104|0x00000000e6800000, 0x00000000e6800000, 0x00000000e6900000|  0%| F|  |TAMS 0x00000000e6800000, 0x00000000e6800000| Untracked 
| 105|0x00000000e6900000, 0x00000000e6900000, 0x00000000e6a00000|  0%| F|  |TAMS 0x00000000e6900000, 0x00000000e6900000| Untracked 
| 106|0x00000000e6a00000, 0x00000000e6a00000, 0x00000000e6b00000|  0%| F|  |TAMS 0x00000000e6a00000, 0x00000000e6a00000| Untracked 
| 107|0x00000000e6b00000, 0x00000000e6b00000, 0x00000000e6c00000|  0%| F|  |TAMS 0x00000000e6b00000, 0x00000000e6b00000| Untracked 
| 108|0x00000000e6c00000, 0x00000000e6c00000, 0x00000000e6d00000|  0%| F|  |TAMS 0x00000000e6c00000, 0x00000000e6c00000| Untracked 
| 109|0x00000000e6d00000, 0x00000000e6d00000, 0x00000000e6e00000|  0%| F|  |TAMS 0x00000000e6d00000, 0x00000000e6d00000| Untracked 
| 110|0x00000000e6e00000, 0x00000000e6e00000, 0x00000000e6f00000|  0%| F|  |TAMS 0x00000000e6e00000, 0x00000000e6e00000| Untracked 
| 111|0x00000000e6f00000, 0x00000000e6f00000, 0x00000000e7000000|  0%| F|  |TAMS 0x00000000e6f00000, 0x00000000e6f00000| Untracked 
| 112|0x00000000e7000000, 0x00000000e7000000, 0x00000000e7100000|  0%| F|  |TAMS 0x00000000e7000000, 0x00000000e7000000| Untracked 
| 113|0x00000000e7100000, 0x00000000e7100000, 0x00000000e7200000|  0%| F|  |TAMS 0x00000000e7100000, 0x00000000e7100000| Untracked 
| 114|0x00000000e7200000, 0x00000000e7200000, 0x00000000e7300000|  0%| F|  |TAMS 0x00000000e7200000, 0x00000000e7200000| Untracked 
| 115|0x00000000e7300000, 0x00000000e7300000, 0x00000000e7400000|  0%| F|  |TAMS 0x00000000e7300000, 0x00000000e7300000| Untracked 
| 116|0x00000000e7400000, 0x00000000e7400000, 0x00000000e7500000|  0%| F|  |TAMS 0x00000000e7400000, 0x00000000e7400000| Untracked 
| 117|0x00000000e7500000, 0x00000000e7500000, 0x00000000e7600000|  0%| F|  |TAMS 0x00000000e7500000, 0x00000000e7500000| Untracked 
| 118|0x00000000e7600000, 0x00000000e7600000, 0x00000000e7700000|  0%| F|  |TAMS 0x00000000e7600000, 0x00000000e7600000| Untracked 
| 119|0x00000000e7700000, 0x00000000e7700000, 0x00000000e7800000|  0%| F|  |TAMS 0x00000000e7700000, 0x00000000e7700000| Untracked 
| 120|0x00000000e7800000, 0x00000000e7800000, 0x00000000e7900000|  0%| F|  |TAMS 0x00000000e7800000, 0x00000000e7800000| Untracked 
| 121|0x00000000e7900000, 0x00000000e7900000, 0x00000000e7a00000|  0%| F|  |TAMS 0x00000000e7900000, 0x00000000e7900000| Untracked 
| 122|0x00000000e7a00000, 0x00000000e7a00000, 0x00000000e7b00000|  0%| F|  |TAMS 0x00000000e7a00000, 0x00000000e7a00000| Untracked 
| 123|0x00000000e7b00000, 0x00000000e7b00000, 0x00000000e7c00000|  0%| F|  |TAMS 0x00000000e7b00000, 0x00000000e7b00000| Untracked 
| 124|0x00000000e7c00000, 0x00000000e7c00000, 0x00000000e7d00000|  0%| F|  |TAMS 0x00000000e7c00000, 0x00000000e7c00000| Untracked 
| 125|0x00000000e7d00000, 0x00000000e7d00000, 0x00000000e7e00000|  0%| F|  |TAMS 0x00000000e7d00000, 0x00000000e7d00000| Untracked 
| 126|0x00000000e7e00000, 0x00000000e7e00000, 0x00000000e7f00000|  0%| F|  |TAMS 0x00000000e7e00000, 0x00000000e7e00000| Untracked 
| 127|0x00000000e7f00000, 0x00000000e7f00000, 0x00000000e8000000|  0%| F|  |TAMS 0x00000000e7f00000, 0x00000000e7f00000| Untracked 
| 128|0x00000000e8000000, 0x00000000e8000000, 0x00000000e8100000|  0%| F|  |TAMS 0x00000000e8000000, 0x00000000e8000000| Untracked 
| 129|0x00000000e8100000, 0x00000000e8100000, 0x00000000e8200000|  0%| F|  |TAMS 0x00000000e8100000, 0x00000000e8100000| Untracked 
| 130|0x00000000e8200000, 0x00000000e8200000, 0x00000000e8300000|  0%| F|  |TAMS 0x00000000e8200000, 0x00000000e8200000| Untracked 
| 131|0x00000000e8300000, 0x00000000e8300000, 0x00000000e8400000|  0%| F|  |TAMS 0x00000000e8300000, 0x00000000e8300000| Untracked 
| 132|0x00000000e8400000, 0x00000000e8400000, 0x00000000e8500000|  0%| F|  |TAMS 0x00000000e8400000, 0x00000000e8400000| Untracked 
| 133|0x00000000e8500000, 0x00000000e8500000, 0x00000000e8600000|  0%| F|  |TAMS 0x00000000e8500000, 0x00000000e8500000| Untracked 
| 134|0x00000000e8600000, 0x00000000e8600000, 0x00000000e8700000|  0%| F|  |TAMS 0x00000000e8600000, 0x00000000e8600000| Untracked 
| 135|0x00000000e8700000, 0x00000000e8733360, 0x00000000e8800000| 20%| S|CS|TAMS 0x00000000e8700000, 0x00000000e8700000| Complete 
| 136|0x00000000e8800000, 0x00000000e8900000, 0x00000000e8900000|100%| S|CS|TAMS 0x00000000e8800000, 0x00000000e8800000| Complete 
| 137|0x00000000e8900000, 0x00000000e8900000, 0x00000000e8a00000|  0%| F|  |TAMS 0x00000000e8900000, 0x00000000e8900000| Untracked 
| 138|0x00000000e8a00000, 0x00000000e8a00000, 0x00000000e8b00000|  0%| F|  |TAMS 0x00000000e8a00000, 0x00000000e8a00000| Untracked 
| 139|0x00000000e8b00000, 0x00000000e8b00000, 0x00000000e8c00000|  0%| F|  |TAMS 0x00000000e8b00000, 0x00000000e8b00000| Untracked 
| 140|0x00000000e8c00000, 0x00000000e8c00000, 0x00000000e8d00000|  0%| F|  |TAMS 0x00000000e8c00000, 0x00000000e8c00000| Untracked 
| 141|0x00000000e8d00000, 0x00000000e8d00000, 0x00000000e8e00000|  0%| F|  |TAMS 0x00000000e8d00000, 0x00000000e8d00000| Untracked 
| 142|0x00000000e8e00000, 0x00000000e8e00000, 0x00000000e8f00000|  0%| F|  |TAMS 0x00000000e8e00000, 0x00000000e8e00000| Untracked 
| 143|0x00000000e8f00000, 0x00000000e8f00000, 0x00000000e9000000|  0%| F|  |TAMS 0x00000000e8f00000, 0x00000000e8f00000| Untracked 
| 144|0x00000000e9000000, 0x00000000e9000000, 0x00000000e9100000|  0%| F|  |TAMS 0x00000000e9000000, 0x00000000e9000000| Untracked 
| 145|0x00000000e9100000, 0x00000000e9100000, 0x00000000e9200000|  0%| F|  |TAMS 0x00000000e9100000, 0x00000000e9100000| Untracked 
| 146|0x00000000e9200000, 0x00000000e9200000, 0x00000000e9300000|  0%| F|  |TAMS 0x00000000e9200000, 0x00000000e9200000| Untracked 
| 147|0x00000000e9300000, 0x00000000e9300000, 0x00000000e9400000|  0%| F|  |TAMS 0x00000000e9300000, 0x00000000e9300000| Untracked 
| 148|0x00000000e9400000, 0x00000000e9400000, 0x00000000e9500000|  0%| F|  |TAMS 0x00000000e9400000, 0x00000000e9400000| Untracked 
| 149|0x00000000e9500000, 0x00000000e9500000, 0x00000000e9600000|  0%| F|  |TAMS 0x00000000e9500000, 0x00000000e9500000| Untracked 
| 150|0x00000000e9600000, 0x00000000e9600000, 0x00000000e9700000|  0%| F|  |TAMS 0x00000000e9600000, 0x00000000e9600000| Untracked 
| 151|0x00000000e9700000, 0x00000000e9700000, 0x00000000e9800000|  0%| F|  |TAMS 0x00000000e9700000, 0x00000000e9700000| Untracked 
| 152|0x00000000e9800000, 0x00000000e9800000, 0x00000000e9900000|  0%| F|  |TAMS 0x00000000e9800000, 0x00000000e9800000| Untracked 
| 153|0x00000000e9900000, 0x00000000e9900000, 0x00000000e9a00000|  0%| F|  |TAMS 0x00000000e9900000, 0x00000000e9900000| Untracked 
| 154|0x00000000e9a00000, 0x00000000e9a00000, 0x00000000e9b00000|  0%| F|  |TAMS 0x00000000e9a00000, 0x00000000e9a00000| Untracked 
| 155|0x00000000e9b00000, 0x00000000e9b00000, 0x00000000e9c00000|  0%| F|  |TAMS 0x00000000e9b00000, 0x00000000e9b00000| Untracked 
| 156|0x00000000e9c00000, 0x00000000e9c00000, 0x00000000e9d00000|  0%| F|  |TAMS 0x00000000e9c00000, 0x00000000e9c00000| Untracked 
| 157|0x00000000e9d00000, 0x00000000e9d00000, 0x00000000e9e00000|  0%| F|  |TAMS 0x00000000e9d00000, 0x00000000e9d00000| Untracked 
| 158|0x00000000e9e00000, 0x00000000e9e00000, 0x00000000e9f00000|  0%| F|  |TAMS 0x00000000e9e00000, 0x00000000e9e00000| Untracked 
| 159|0x00000000e9f00000, 0x00000000e9f00000, 0x00000000ea000000|  0%| F|  |TAMS 0x00000000e9f00000, 0x00000000e9f00000| Untracked 
| 160|0x00000000ea000000, 0x00000000ea000000, 0x00000000ea100000|  0%| F|  |TAMS 0x00000000ea000000, 0x00000000ea000000| Untracked 
| 161|0x00000000ea100000, 0x00000000ea100000, 0x00000000ea200000|  0%| F|  |TAMS 0x00000000ea100000, 0x00000000ea100000| Untracked 
| 162|0x00000000ea200000, 0x00000000ea200000, 0x00000000ea300000|  0%| F|  |TAMS 0x00000000ea200000, 0x00000000ea200000| Untracked 
| 163|0x00000000ea300000, 0x00000000ea300000, 0x00000000ea400000|  0%| F|  |TAMS 0x00000000ea300000, 0x00000000ea300000| Untracked 
| 164|0x00000000ea400000, 0x00000000ea400000, 0x00000000ea500000|  0%| F|  |TAMS 0x00000000ea400000, 0x00000000ea400000| Untracked 
| 165|0x00000000ea500000, 0x00000000ea500000, 0x00000000ea600000|  0%| F|  |TAMS 0x00000000ea500000, 0x00000000ea500000| Untracked 
| 166|0x00000000ea600000, 0x00000000ea600000, 0x00000000ea700000|  0%| F|  |TAMS 0x00000000ea600000, 0x00000000ea600000| Untracked 
| 167|0x00000000ea700000, 0x00000000ea700000, 0x00000000ea800000|  0%| F|  |TAMS 0x00000000ea700000, 0x00000000ea700000| Untracked 
| 168|0x00000000ea800000, 0x00000000ea800000, 0x00000000ea900000|  0%| F|  |TAMS 0x00000000ea800000, 0x00000000ea800000| Untracked 
| 169|0x00000000ea900000, 0x00000000ea900000, 0x00000000eaa00000|  0%| F|  |TAMS 0x00000000ea900000, 0x00000000ea900000| Untracked 
| 170|0x00000000eaa00000, 0x00000000eaa00000, 0x00000000eab00000|  0%| F|  |TAMS 0x00000000eaa00000, 0x00000000eaa00000| Untracked 
| 171|0x00000000eab00000, 0x00000000eab00000, 0x00000000eac00000|  0%| F|  |TAMS 0x00000000eab00000, 0x00000000eab00000| Untracked 
| 172|0x00000000eac00000, 0x00000000eac00000, 0x00000000ead00000|  0%| F|  |TAMS 0x00000000eac00000, 0x00000000eac00000| Untracked 
| 173|0x00000000ead00000, 0x00000000ead00000, 0x00000000eae00000|  0%| F|  |TAMS 0x00000000ead00000, 0x00000000ead00000| Untracked 
| 174|0x00000000eae00000, 0x00000000eae00000, 0x00000000eaf00000|  0%| F|  |TAMS 0x00000000eae00000, 0x00000000eae00000| Untracked 
| 175|0x00000000eaf00000, 0x00000000eaf00000, 0x00000000eb000000|  0%| F|  |TAMS 0x00000000eaf00000, 0x00000000eaf00000| Untracked 
| 176|0x00000000eb000000, 0x00000000eb000000, 0x00000000eb100000|  0%| F|  |TAMS 0x00000000eb000000, 0x00000000eb000000| Untracked 
| 177|0x00000000eb100000, 0x00000000eb100000, 0x00000000eb200000|  0%| F|  |TAMS 0x00000000eb100000, 0x00000000eb100000| Untracked 
| 178|0x00000000eb200000, 0x00000000eb200000, 0x00000000eb300000|  0%| F|  |TAMS 0x00000000eb200000, 0x00000000eb200000| Untracked 
| 179|0x00000000eb300000, 0x00000000eb300000, 0x00000000eb400000|  0%| F|  |TAMS 0x00000000eb300000, 0x00000000eb300000| Untracked 
| 180|0x00000000eb400000, 0x00000000eb400000, 0x00000000eb500000|  0%| F|  |TAMS 0x00000000eb400000, 0x00000000eb400000| Untracked 
| 181|0x00000000eb500000, 0x00000000eb500000, 0x00000000eb600000|  0%| F|  |TAMS 0x00000000eb500000, 0x00000000eb500000| Untracked 
| 182|0x00000000eb600000, 0x00000000eb600000, 0x00000000eb700000|  0%| F|  |TAMS 0x00000000eb600000, 0x00000000eb600000| Untracked 
| 183|0x00000000eb700000, 0x00000000eb700000, 0x00000000eb800000|  0%| F|  |TAMS 0x00000000eb700000, 0x00000000eb700000| Untracked 
| 184|0x00000000eb800000, 0x00000000eb800000, 0x00000000eb900000|  0%| F|  |TAMS 0x00000000eb800000, 0x00000000eb800000| Untracked 
| 185|0x00000000eb900000, 0x00000000eb900000, 0x00000000eba00000|  0%| F|  |TAMS 0x00000000eb900000, 0x00000000eb900000| Untracked 
| 186|0x00000000eba00000, 0x00000000eba00000, 0x00000000ebb00000|  0%| F|  |TAMS 0x00000000eba00000, 0x00000000eba00000| Untracked 
| 187|0x00000000ebb00000, 0x00000000ebb00000, 0x00000000ebc00000|  0%| F|  |TAMS 0x00000000ebb00000, 0x00000000ebb00000| Untracked 
| 188|0x00000000ebc00000, 0x00000000ebc00000, 0x00000000ebd00000|  0%| F|  |TAMS 0x00000000ebc00000, 0x00000000ebc00000| Untracked 
| 189|0x00000000ebd00000, 0x00000000ebd00000, 0x00000000ebe00000|  0%| F|  |TAMS 0x00000000ebd00000, 0x00000000ebd00000| Untracked 
| 190|0x00000000ebe00000, 0x00000000ebe00000, 0x00000000ebf00000|  0%| F|  |TAMS 0x00000000ebe00000, 0x00000000ebe00000| Untracked 
| 191|0x00000000ebf00000, 0x00000000ebf00000, 0x00000000ec000000|  0%| F|  |TAMS 0x00000000ebf00000, 0x00000000ebf00000| Untracked 
| 192|0x00000000ec000000, 0x00000000ec000000, 0x00000000ec100000|  0%| F|  |TAMS 0x00000000ec000000, 0x00000000ec000000| Untracked 
| 193|0x00000000ec100000, 0x00000000ec100000, 0x00000000ec200000|  0%| F|  |TAMS 0x00000000ec100000, 0x00000000ec100000| Untracked 
| 194|0x00000000ec200000, 0x00000000ec200000, 0x00000000ec300000|  0%| F|  |TAMS 0x00000000ec200000, 0x00000000ec200000| Untracked 
| 195|0x00000000ec300000, 0x00000000ec300000, 0x00000000ec400000|  0%| F|  |TAMS 0x00000000ec300000, 0x00000000ec300000| Untracked 
| 196|0x00000000ec400000, 0x00000000ec400000, 0x00000000ec500000|  0%| F|  |TAMS 0x00000000ec400000, 0x00000000ec400000| Untracked 
| 197|0x00000000ec500000, 0x00000000ec500000, 0x00000000ec600000|  0%| F|  |TAMS 0x00000000ec500000, 0x00000000ec500000| Untracked 
| 198|0x00000000ec600000, 0x00000000ec600000, 0x00000000ec700000|  0%| F|  |TAMS 0x00000000ec600000, 0x00000000ec600000| Untracked 
| 199|0x00000000ec700000, 0x00000000ec700000, 0x00000000ec800000|  0%| F|  |TAMS 0x00000000ec700000, 0x00000000ec700000| Untracked 
| 200|0x00000000ec800000, 0x00000000ec800000, 0x00000000ec900000|  0%| F|  |TAMS 0x00000000ec800000, 0x00000000ec800000| Untracked 
| 201|0x00000000ec900000, 0x00000000ec900000, 0x00000000eca00000|  0%| F|  |TAMS 0x00000000ec900000, 0x00000000ec900000| Untracked 
| 202|0x00000000eca00000, 0x00000000eca00000, 0x00000000ecb00000|  0%| F|  |TAMS 0x00000000eca00000, 0x00000000eca00000| Untracked 
| 203|0x00000000ecb00000, 0x00000000ecb00000, 0x00000000ecc00000|  0%| F|  |TAMS 0x00000000ecb00000, 0x00000000ecb00000| Untracked 
| 204|0x00000000ecc00000, 0x00000000ecc00000, 0x00000000ecd00000|  0%| F|  |TAMS 0x00000000ecc00000, 0x00000000ecc00000| Untracked 
| 205|0x00000000ecd00000, 0x00000000ecd00000, 0x00000000ece00000|  0%| F|  |TAMS 0x00000000ecd00000, 0x00000000ecd00000| Untracked 
| 206|0x00000000ece00000, 0x00000000ecec3148, 0x00000000ecf00000| 76%| E|  |TAMS 0x00000000ece00000, 0x00000000ece00000| Complete 
| 207|0x00000000ecf00000, 0x00000000ed000000, 0x00000000ed000000|100%| E|CS|TAMS 0x00000000ecf00000, 0x00000000ecf00000| Complete 
| 208|0x00000000ed000000, 0x00000000ed100000, 0x00000000ed100000|100%| E|CS|TAMS 0x00000000ed000000, 0x00000000ed000000| Complete 
| 209|0x00000000ed100000, 0x00000000ed200000, 0x00000000ed200000|100%| E|CS|TAMS 0x00000000ed100000, 0x00000000ed100000| Complete 
| 210|0x00000000ed200000, 0x00000000ed300000, 0x00000000ed300000|100%| E|CS|TAMS 0x00000000ed200000, 0x00000000ed200000| Complete 
| 211|0x00000000ed300000, 0x00000000ed400000, 0x00000000ed400000|100%| E|CS|TAMS 0x00000000ed300000, 0x00000000ed300000| Complete 
| 212|0x00000000ed400000, 0x00000000ed500000, 0x00000000ed500000|100%| E|CS|TAMS 0x00000000ed400000, 0x00000000ed400000| Complete 
| 213|0x00000000ed500000, 0x00000000ed600000, 0x00000000ed600000|100%| E|CS|TAMS 0x00000000ed500000, 0x00000000ed500000| Complete 
| 214|0x00000000ed600000, 0x00000000ed700000, 0x00000000ed700000|100%| E|CS|TAMS 0x00000000ed600000, 0x00000000ed600000| Complete 
| 215|0x00000000ed700000, 0x00000000ed800000, 0x00000000ed800000|100%| E|CS|TAMS 0x00000000ed700000, 0x00000000ed700000| Complete 
| 216|0x00000000ed800000, 0x00000000ed900000, 0x00000000ed900000|100%| E|CS|TAMS 0x00000000ed800000, 0x00000000ed800000| Complete 
| 217|0x00000000ed900000, 0x00000000eda00000, 0x00000000eda00000|100%| E|CS|TAMS 0x00000000ed900000, 0x00000000ed900000| Complete 
| 218|0x00000000eda00000, 0x00000000edb00000, 0x00000000edb00000|100%| E|CS|TAMS 0x00000000eda00000, 0x00000000eda00000| Complete 
| 219|0x00000000edb00000, 0x00000000edc00000, 0x00000000edc00000|100%| E|CS|TAMS 0x00000000edb00000, 0x00000000edb00000| Complete 
| 220|0x00000000edc00000, 0x00000000edd00000, 0x00000000edd00000|100%| E|CS|TAMS 0x00000000edc00000, 0x00000000edc00000| Complete 
| 221|0x00000000edd00000, 0x00000000ede00000, 0x00000000ede00000|100%| E|CS|TAMS 0x00000000edd00000, 0x00000000edd00000| Complete 
| 222|0x00000000ede00000, 0x00000000edf00000, 0x00000000edf00000|100%| E|CS|TAMS 0x00000000ede00000, 0x00000000ede00000| Complete 
| 223|0x00000000edf00000, 0x00000000ee000000, 0x00000000ee000000|100%| E|CS|TAMS 0x00000000edf00000, 0x00000000edf00000| Complete 
| 224|0x00000000ee000000, 0x00000000ee100000, 0x00000000ee100000|100%| E|CS|TAMS 0x00000000ee000000, 0x00000000ee000000| Complete 
| 225|0x00000000ee100000, 0x00000000ee200000, 0x00000000ee200000|100%| E|CS|TAMS 0x00000000ee100000, 0x00000000ee100000| Complete 
| 226|0x00000000ee200000, 0x00000000ee300000, 0x00000000ee300000|100%| E|CS|TAMS 0x00000000ee200000, 0x00000000ee200000| Complete 
| 227|0x00000000ee300000, 0x00000000ee400000, 0x00000000ee400000|100%| E|CS|TAMS 0x00000000ee300000, 0x00000000ee300000| Complete 
| 228|0x00000000ee400000, 0x00000000ee500000, 0x00000000ee500000|100%| E|CS|TAMS 0x00000000ee400000, 0x00000000ee400000| Complete 
| 229|0x00000000ee500000, 0x00000000ee600000, 0x00000000ee600000|100%| E|CS|TAMS 0x00000000ee500000, 0x00000000ee500000| Complete 
| 230|0x00000000ee600000, 0x00000000ee700000, 0x00000000ee700000|100%| E|CS|TAMS 0x00000000ee600000, 0x00000000ee600000| Complete 
| 231|0x00000000ee700000, 0x00000000ee800000, 0x00000000ee800000|100%| E|CS|TAMS 0x00000000ee700000, 0x00000000ee700000| Complete 
| 232|0x00000000ee800000, 0x00000000ee900000, 0x00000000ee900000|100%| E|CS|TAMS 0x00000000ee800000, 0x00000000ee800000| Complete 
| 233|0x00000000ee900000, 0x00000000eea00000, 0x00000000eea00000|100%| E|CS|TAMS 0x00000000ee900000, 0x00000000ee900000| Complete 
| 234|0x00000000eea00000, 0x00000000eeb00000, 0x00000000eeb00000|100%| E|CS|TAMS 0x00000000eea00000, 0x00000000eea00000| Complete 
| 235|0x00000000eeb00000, 0x00000000eec00000, 0x00000000eec00000|100%| E|CS|TAMS 0x00000000eeb00000, 0x00000000eeb00000| Complete 
| 236|0x00000000eec00000, 0x00000000eed00000, 0x00000000eed00000|100%| E|CS|TAMS 0x00000000eec00000, 0x00000000eec00000| Complete 
| 237|0x00000000eed00000, 0x00000000eee00000, 0x00000000eee00000|100%| E|CS|TAMS 0x00000000eed00000, 0x00000000eed00000| Complete 
| 238|0x00000000eee00000, 0x00000000eef00000, 0x00000000eef00000|100%| E|CS|TAMS 0x00000000eee00000, 0x00000000eee00000| Complete 
| 239|0x00000000eef00000, 0x00000000ef000000, 0x00000000ef000000|100%| E|CS|TAMS 0x00000000eef00000, 0x00000000eef00000| Complete 
| 240|0x00000000ef000000, 0x00000000ef100000, 0x00000000ef100000|100%| E|CS|TAMS 0x00000000ef000000, 0x00000000ef000000| Complete 
| 241|0x00000000ef100000, 0x00000000ef200000, 0x00000000ef200000|100%| E|CS|TAMS 0x00000000ef100000, 0x00000000ef100000| Complete 
| 242|0x00000000ef200000, 0x00000000ef300000, 0x00000000ef300000|100%| E|CS|TAMS 0x00000000ef200000, 0x00000000ef200000| Complete 
| 243|0x00000000ef300000, 0x00000000ef400000, 0x00000000ef400000|100%| E|CS|TAMS 0x00000000ef300000, 0x00000000ef300000| Complete 
| 244|0x00000000ef400000, 0x00000000ef500000, 0x00000000ef500000|100%| E|CS|TAMS 0x00000000ef400000, 0x00000000ef400000| Complete 
| 245|0x00000000ef500000, 0x00000000ef600000, 0x00000000ef600000|100%| E|CS|TAMS 0x00000000ef500000, 0x00000000ef500000| Complete 
| 246|0x00000000ef600000, 0x00000000ef700000, 0x00000000ef700000|100%| E|CS|TAMS 0x00000000ef600000, 0x00000000ef600000| Complete 
| 247|0x00000000ef700000, 0x00000000ef800000, 0x00000000ef800000|100%| E|CS|TAMS 0x00000000ef700000, 0x00000000ef700000| Complete 
| 248|0x00000000ef800000, 0x00000000ef900000, 0x00000000ef900000|100%| E|CS|TAMS 0x00000000ef800000, 0x00000000ef800000| Complete 
| 249|0x00000000ef900000, 0x00000000efa00000, 0x00000000efa00000|100%| E|CS|TAMS 0x00000000ef900000, 0x00000000ef900000| Complete 
| 250|0x00000000efa00000, 0x00000000efb00000, 0x00000000efb00000|100%| E|CS|TAMS 0x00000000efa00000, 0x00000000efa00000| Complete 
| 251|0x00000000efb00000, 0x00000000efc00000, 0x00000000efc00000|100%| E|CS|TAMS 0x00000000efb00000, 0x00000000efb00000| Complete 
| 252|0x00000000efc00000, 0x00000000efd00000, 0x00000000efd00000|100%| E|CS|TAMS 0x00000000efc00000, 0x00000000efc00000| Complete 
| 253|0x00000000efd00000, 0x00000000efe00000, 0x00000000efe00000|100%| E|CS|TAMS 0x00000000efd00000, 0x00000000efd00000| Complete 
| 254|0x00000000efe00000, 0x00000000eff00000, 0x00000000eff00000|100%| E|CS|TAMS 0x00000000efe00000, 0x00000000efe00000| Complete 
| 255|0x00000000eff00000, 0x00000000f0000000, 0x00000000f0000000|100%| E|CS|TAMS 0x00000000eff00000, 0x00000000eff00000| Complete 

Card table byte_map: [0x000002964bbe0000,0x000002964bce0000] _byte_map_base: 0x000002964b4e0000

Marking Bits (Prev, Next): (CMBitMap*) 0x0000029633b28df0, (CMBitMap*) 0x0000029633b28db8
 Prev Bits: [0x000002964c5e0000, 0x000002964cde0000)
 Next Bits: [0x000002964bde0000, 0x000002964c5e0000)

Polling page: 0x0000029633bf0000

Metaspace:

Usage:
  Non-class:     72.68 MB capacity,    71.04 MB ( 98%) used,     1.35 MB (  2%) free+waste,   294.44 KB ( <1%) overhead. 
      Class:     11.16 MB capacity,    10.20 MB ( 91%) used,   850.92 KB (  7%) free+waste,   134.31 KB (  1%) overhead. 
       Both:     83.84 MB capacity,    81.24 MB ( 97%) used,     2.18 MB (  3%) free+waste,   428.75 KB ( <1%) overhead. 

Virtual space:
  Non-class space:       74.00 MB reserved,      72.75 MB ( 98%) committed 
      Class space:      248.00 MB reserved,      11.25 MB (  5%) committed 
             Both:      322.00 MB reserved,      84.00 MB ( 26%) committed 

Chunk freelists:
   Non-Class:  896 bytes
       Class:  0 bytes
        Both:  896 bytes

CodeHeap 'non-profiled nmethods': size=120000Kb used=8410Kb max_used=8410Kb free=111589Kb
 bounds [0x0000029643910000, 0x0000029644160000, 0x000002964ae40000]
CodeHeap 'profiled nmethods': size=120000Kb used=28652Kb max_used=28652Kb free=91347Kb
 bounds [0x000002963c3e0000, 0x000002963e000000, 0x0000029643910000]
CodeHeap 'non-nmethods': size=5760Kb used=2294Kb max_used=2366Kb free=3465Kb
 bounds [0x000002963be40000, 0x000002963c0b0000, 0x000002963c3e0000]
 total_blobs=19087 nmethods=12262 adapters=806
 compilation: enabled
              stopped_count=0, restarted_count=0
 full_count=0

Compilation events (10 events):
Event: 7402.686 Thread 0x00000296503f3000 14215       3       org.gradle.api.internal.provider.AbstractMinimalProvider::getOrNull (13 bytes)
Event: 7402.686 Thread 0x00000296503f3000 nmethod 14215 0x000002963dff3010 code [0x000002963dff31e0, 0x000002963dff34c0]
Event: 7402.686 Thread 0x00000296503f3000 14217       3       org.gradle.api.DefaultTask::getProject (5 bytes)
Event: 7402.687 Thread 0x00000296503f3000 nmethod 14217 0x000002963dff3590 code [0x000002963dff3820, 0x000002963dff43b0]
Event: 7402.687 Thread 0x00000296503f3000 14219       3       org.gradle.api.internal.DefaultDomainObjectCollection::all (119 bytes)
Event: 7402.687 Thread 0x00000296503f3000 nmethod 14219 0x000002963dff4710 code [0x000002963dff4a60, 0x000002963dff5f80]
Event: 7402.687 Thread 0x00000296503f3000 14218       3       org.gradle.api.internal.AbstractTask::getProject (9 bytes)
Event: 7402.688 Thread 0x00000296503f3000 nmethod 14218 0x000002963dff6610 code [0x000002963dff68a0, 0x000002963dff73d0]
Event: 7402.695 Thread 0x00000296503ec000 nmethod 14191 0x0000029643f88890 code [0x0000029643f88b20, 0x0000029643f89a50]
Event: 7402.695 Thread 0x00000296503ec000 14205       4       org.apache.commons.io.FilenameUtils::doNormalize (541 bytes)

GC Heap History (10 events):
Event: 4319.058 GC heap before
{Heap before GC invocations=14 (full 0):
 garbage-first heap   total 262144K, used 195359K [0x00000000e0000000, 0x0000000100000000)
  region size 1024K, 129 young (132096K), 13 survivors (13312K)
 Metaspace       used 79608K, capacity 82242K, committed 82432K, reserved 325632K
  class space    used 10224K, capacity 11192K, committed 11264K, reserved 253952K
}
Event: 4319.069 GC heap after
{Heap after GC invocations=15 (full 0):
 garbage-first heap   total 262144K, used 71919K [0x00000000e0000000, 0x0000000100000000)
  region size 1024K, 4 young (4096K), 4 survivors (4096K)
 Metaspace       used 79608K, capacity 82242K, committed 82432K, reserved 325632K
  class space    used 10224K, capacity 11192K, committed 11264K, reserved 253952K
}
Event: 4319.621 GC heap before
{Heap before GC invocations=15 (full 0):
 garbage-first heap   total 262144K, used 199919K [0x00000000e0000000, 0x0000000100000000)
  region size 1024K, 130 young (133120K), 4 survivors (4096K)
 Metaspace       used 80264K, capacity 82867K, committed 82944K, reserved 325632K
  class space    used 10226K, capacity 11195K, committed 11264K, reserved 253952K
}
Event: 4319.625 GC heap after
{Heap after GC invocations=16 (full 0):
 garbage-first heap   total 262144K, used 72836K [0x00000000e0000000, 0x0000000100000000)
  region size 1024K, 5 young (5120K), 5 survivors (5120K)
 Metaspace       used 80264K, capacity 82867K, committed 82944K, reserved 325632K
  class space    used 10226K, capacity 11195K, committed 11264K, reserved 253952K
}
Event: 4320.280 GC heap before
{Heap before GC invocations=16 (full 0):
 garbage-first heap   total 262144K, used 205956K [0x00000000e0000000, 0x0000000100000000)
  region size 1024K, 134 young (137216K), 5 survivors (5120K)
 Metaspace       used 80477K, capacity 83221K, committed 83456K, reserved 327680K
  class space    used 10232K, capacity 11203K, committed 11264K, reserved 253952K
}
Event: 4320.290 GC heap after
{Heap after GC invocations=17 (full 0):
 garbage-first heap   total 262144K, used 88471K [0x00000000e0000000, 0x0000000100000000)
  region size 1024K, 17 young (17408K), 17 survivors (17408K)
 Metaspace       used 80477K, capacity 83221K, committed 83456K, reserved 327680K
  class space    used 10232K, capacity 11203K, committed 11264K, reserved 253952K
}
Event: 4419.779 GC heap before
{Heap before GC invocations=17 (full 0):
 garbage-first heap   total 262144K, used 204183K [0x00000000e0000000, 0x0000000100000000)
  region size 1024K, 131 young (134144K), 17 survivors (17408K)
 Metaspace       used 82805K, capacity 85571K, committed 85760K, reserved 329728K
  class space    used 10444K, capacity 11429K, committed 11520K, reserved 253952K
}
Event: 4419.785 GC heap after
{Heap after GC invocations=18 (full 0):
 garbage-first heap   total 262144K, used 89749K [0x00000000e0000000, 0x0000000100000000)
  region size 1024K, 5 young (5120K), 5 survivors (5120K)
 Metaspace       used 82805K, capacity 85571K, committed 85760K, reserved 329728K
  class space    used 10444K, capacity 11429K, committed 11520K, reserved 253952K
}
Event: 5044.596 GC heap before
{Heap before GC invocations=18 (full 0):
 garbage-first heap   total 262144K, used 205461K [0x00000000e0000000, 0x0000000100000000)
  region size 1024K, 119 young (121856K), 5 survivors (5120K)
 Metaspace       used 83130K, capacity 85776K, committed 86016K, reserved 329728K
  class space    used 10444K, capacity 11429K, committed 11520K, reserved 253952K
}
Event: 5044.597 GC heap after
{Heap after GC invocations=19 (full 0):
 garbage-first heap   total 262144K, used 86661K [0x00000000e0000000, 0x0000000100000000)
  region size 1024K, 2 young (2048K), 2 survivors (2048K)
 Metaspace       used 83130K, capacity 85776K, committed 86016K, reserved 329728K
  class space    used 10444K, capacity 11429K, committed 11520K, reserved 253952K
}

Deoptimization events (10 events):
Event: 4420.116 Thread 0x0000029652df7000 Uncommon trap: reason=class_check action=maybe_recompile pc=0x0000029643bb19b8 method=java.util.HashMap.removeNode(ILjava/lang/Object;Ljava/lang/Object;ZZ)Ljava/util/HashMap$Node; @ 143 c2
Event: 4420.121 Thread 0x0000029652df7000 Uncommon trap: reason=unstable_fused_if action=reinterpret pc=0x000002964408a694 method=java.text.SimpleDateFormat.zeroPaddingNumber(IIILjava/lang/StringBuffer;)V @ 36 c2
Event: 6213.999 Thread 0x0000029652b0b800 Uncommon trap: reason=class_check action=maybe_recompile pc=0x0000029643e4a754 method=java.util.stream.ReduceOps$3ReducingSink.begin(J)V @ 5 c2
Event: 6214.996 Thread 0x0000029652b0b800 Uncommon trap: reason=class_check action=maybe_recompile pc=0x0000029643e4a754 method=java.util.stream.ReduceOps$3ReducingSink.begin(J)V @ 5 c2
Event: 6216.006 Thread 0x0000029652b0b800 Uncommon trap: reason=class_check action=maybe_recompile pc=0x0000029643e4a754 method=java.util.stream.ReduceOps$3ReducingSink.begin(J)V @ 5 c2
Event: 6217.005 Thread 0x0000029652b0b800 Uncommon trap: reason=class_check action=maybe_recompile pc=0x0000029643e4a754 method=java.util.stream.ReduceOps$3ReducingSink.begin(J)V @ 5 c2
Event: 7402.418 Thread 0x0000029652dfc000 Uncommon trap: reason=class_check action=maybe_recompile pc=0x000002964407b0b8 method=sun.management.spi.PlatformMBeanProvider$PlatformComponent.getMBeans(Ljava/lang/Class;)Ljava/util/List; @ 26 c2
Event: 7402.450 Thread 0x0000029652dfc000 Uncommon trap: reason=bimorphic_or_optimized_type_check action=maybe_recompile pc=0x0000029643c2154c method=java.util.stream.MatchOps$MatchOp.evaluateSequential(Ljava/util/stream/PipelineHelper;Ljava/util/Spliterator;)Ljava/lang/Boolean; @ 14 c2
Event: 7402.491 Thread 0x0000029652dfc000 Uncommon trap: reason=bimorphic_or_optimized_type_check action=maybe_recompile pc=0x0000029643e7e90c method=java.util.stream.ReduceOps$3ReducingSink.begin(J)V @ 5 c2
Event: 7402.651 Thread 0x0000029652dff000 Uncommon trap: reason=unstable_if action=reinterpret pc=0x0000029643a1cab8 method=java.util.concurrent.ConcurrentHashMap.addCount(JI)V @ 168 c2

Classes redefined (0 events):
No events

Internal exceptions (10 events):
Event: 4320.667 Thread 0x00000296571ca800 Exception <a 'sun/nio/fs/WindowsException'{0x00000000ec1ee810}> (0x00000000ec1ee810) thrown at [t:/workspace/open/src/hotspot/share/prims/jni.cpp, line 615]
Event: 4320.865 Thread 0x0000029652df9800 Implicit null exception at 0x0000029643aa6b29 to 0x0000029643aa6cb2
Event: 4320.866 Thread 0x0000029652df9800 Exception <a 'java/lang/NoSuchMethodError'{0x00000000eb65df20}: <clinit>> (0x00000000eb65df20) thrown at [t:/workspace/open/src/hotspot/share/prims/jni.cpp, line 1364]
Event: 4320.868 Thread 0x0000029652df9800 Exception <a 'java/lang/NoSuchMethodError'{0x00000000eb6fd350}: <clinit>> (0x00000000eb6fd350) thrown at [t:/workspace/open/src/hotspot/share/prims/jni.cpp, line 1364]
Event: 4320.868 Thread 0x0000029652df9800 Exception <a 'java/lang/NoSuchMethodError'{0x00000000eb5015f0}: <clinit>> (0x00000000eb5015f0) thrown at [t:/workspace/open/src/hotspot/share/prims/jni.cpp, line 1364]
Event: 4320.868 Thread 0x0000029652df9800 Exception <a 'java/lang/NoSuchMethodError'{0x00000000eb5027b0}: <clinit>> (0x00000000eb5027b0) thrown at [t:/workspace/open/src/hotspot/share/prims/jni.cpp, line 1364]
Event: 4320.868 Thread 0x0000029652df9800 Exception <a 'java/lang/NoSuchMethodError'{0x00000000eb503d20}: <clinit>> (0x00000000eb503d20) thrown at [t:/workspace/open/src/hotspot/share/prims/jni.cpp, line 1364]
Event: 4320.869 Thread 0x0000029652df9800 Exception <a 'java/lang/NoSuchMethodError'{0x00000000eb51f558}: <clinit>> (0x00000000eb51f558) thrown at [t:/workspace/open/src/hotspot/share/prims/jni.cpp, line 1364]
Event: 4419.630 Thread 0x0000029652df7000 Exception <a 'java/lang/NoClassDefFoundError'{0x00000000ea932df0}: org/jetbrains/kotlin/gradle/plugin/KotlinPluginWrapper> (0x00000000ea932df0) thrown at [t:/workspace/open/src/hotspot/share/oops/constantPool.cpp, line 770]
Event: 7402.656 Thread 0x0000029652dfc000 Exception <a 'java/lang/NoClassDefFoundError'{0x00000000ecf840e8}: org/jetbrains/kotlin/gradle/plugin/KotlinPluginWrapper> (0x00000000ecf840e8) thrown at [t:/workspace/open/src/hotspot/share/oops/constantPool.cpp, line 770]

Events (10 events):
Event: 7402.651 Thread 0x0000029652dff000 DEOPT PACKING pc=0x0000029643a1cab8 sp=0x000000f252bfe410
Event: 7402.651 Thread 0x0000029652dff000 DEOPT UNPACKING pc=0x000002963be68f2f sp=0x000000f252bfe300 mode 2
Event: 7402.656 Thread 0x0000029652dfc000 DEOPT PACKING pc=0x000002963c69799c sp=0x000000f2507f8bd0
Event: 7402.656 Thread 0x0000029652dfc000 DEOPT UNPACKING pc=0x000002963be68d4e sp=0x000000f2507f80b0 mode 0
Event: 7402.679 Executing VM operation: RevokeBias
Event: 7402.679 Executing VM operation: RevokeBias done
Event: 7402.679 Executing VM operation: RevokeBias
Event: 7402.679 Executing VM operation: RevokeBias done
Event: 7402.681 Thread 0x0000029652dfc000 DEOPT PACKING pc=0x000002963d55ee7e sp=0x000000f2507f8560
Event: 7402.681 Thread 0x0000029652dfc000 DEOPT UNPACKING pc=0x000002963be68d4e sp=0x000000f2507f7ab8 mode 0


Dynamic libraries:
0x00007ff6c0d70000 - 0x00007ff6c0db5000 	D:\sparta_coding\java\jdk-11\bin\java.exe
0x00007ffd1a7b0000 - 0x00007ffd1a9a8000 	C:\WINDOWS\SYSTEM32\ntdll.dll
0x00007ffd1a6b0000 - 0x00007ffd1a76d000 	C:\WINDOWS\System32\KERNEL32.DLL
0x00007ffd18530000 - 0x00007ffd18802000 	C:\WINDOWS\System32\KERNELBASE.dll
0x00007ffd19940000 - 0x00007ffd19add000 	C:\WINDOWS\System32\USER32.dll
0x00007ffd18050000 - 0x00007ffd18072000 	C:\WINDOWS\System32\win32u.dll
0x00007ffd1a680000 - 0x00007ffd1a6ab000 	C:\WINDOWS\System32\GDI32.dll
0x00007ffd18420000 - 0x00007ffd1852f000 	C:\WINDOWS\System32\gdi32full.dll
0x00007ffd17ef0000 - 0x00007ffd17f8d000 	C:\WINDOWS\System32\msvcp_win.dll
0x00007ffd18080000 - 0x00007ffd18180000 	C:\WINDOWS\System32\ucrtbase.dll
0x00007ffd0c530000 - 0x00007ffd0c7ca000 	C:\WINDOWS\WinSxS\amd64_microsoft.windows.common-controls_6595b64144ccf1df_6.0.19041.1110_none_60b5254171f9507e\COMCTL32.dll
0x00007ffd1a5e0000 - 0x00007ffd1a67e000 	C:\WINDOWS\System32\msvcrt.dll
0x00007ffd18fe0000 - 0x00007ffd19010000 	C:\WINDOWS\System32\IMM32.DLL
0x00007ffcfa980000 - 0x00007ffcfa996000 	D:\sparta_coding\java\jdk-11\bin\vcruntime140.dll
0x00007ffce23b0000 - 0x00007ffce245a000 	D:\sparta_coding\java\jdk-11\bin\msvcp140.dll
0x00007ffc90720000 - 0x00007ffc91261000 	D:\sparta_coding\java\jdk-11\bin\server\jvm.dll
0x00007ffd192e0000 - 0x00007ffd1938e000 	C:\WINDOWS\System32\ADVAPI32.dll
0x00007ffd191d0000 - 0x00007ffd1926c000 	C:\WINDOWS\System32\sechost.dll
0x00007ffd18e50000 - 0x00007ffd18f75000 	C:\WINDOWS\System32\RPCRT4.dll
0x00007ffd1a300000 - 0x00007ffd1a308000 	C:\WINDOWS\System32\PSAPI.DLL
0x00007ffd00ac0000 - 0x00007ffd00ac9000 	C:\WINDOWS\SYSTEM32\WSOCK32.dll
0x00007ffd10b50000 - 0x00007ffd10b5a000 	C:\WINDOWS\SYSTEM32\VERSION.dll
0x00007ffd0fe00000 - 0x00007ffd0fe27000 	C:\WINDOWS\SYSTEM32\WINMM.dll
0x00007ffd1a310000 - 0x00007ffd1a37b000 	C:\WINDOWS\System32\WS2_32.dll
0x00007ffd15cc0000 - 0x00007ffd15cd2000 	C:\WINDOWS\SYSTEM32\kernel.appcore.dll
0x00007ffcf70d0000 - 0x00007ffcf70e1000 	D:\sparta_coding\java\jdk-11\bin\verify.dll
0x00007ffd08380000 - 0x00007ffd08564000 	C:\WINDOWS\SYSTEM32\DBGHELP.DLL
0x00007ffd04b80000 - 0x00007ffd04bac000 	C:\WINDOWS\SYSTEM32\dbgcore.DLL
0x00007ffd18390000 - 0x00007ffd18412000 	C:\WINDOWS\System32\bcryptPrimitives.dll
0x00007ffcf4ae0000 - 0x00007ffcf4b08000 	D:\sparta_coding\java\jdk-11\bin\java.dll
0x00007ffcfa2a0000 - 0x00007ffcfa2b6000 	D:\sparta_coding\java\jdk-11\bin\zip.dll
0x00007ffd03260000 - 0x00007ffd0326a000 	D:\sparta_coding\java\jdk-11\bin\jimage.dll
0x00007ffd19bb0000 - 0x00007ffd1a2f3000 	C:\WINDOWS\System32\SHELL32.dll
0x00007ffd15fa0000 - 0x00007ffd16731000 	C:\WINDOWS\SYSTEM32\windows.storage.dll
0x00007ffd18af0000 - 0x00007ffd18e44000 	C:\WINDOWS\System32\combase.dll
0x00007ffd17920000 - 0x00007ffd17950000 	C:\WINDOWS\SYSTEM32\Wldp.dll
0x00007ffd1a530000 - 0x00007ffd1a5dd000 	C:\WINDOWS\System32\SHCORE.dll
0x00007ffd198e0000 - 0x00007ffd19935000 	C:\WINDOWS\System32\shlwapi.dll
0x00007ffd17e00000 - 0x00007ffd17e1f000 	C:\WINDOWS\SYSTEM32\profapi.dll
0x00007ffcf7600000 - 0x00007ffcf7619000 	D:\sparta_coding\java\jdk-11\bin\net.dll
0x00007ffd12700000 - 0x00007ffd1280d000 	C:\WINDOWS\SYSTEM32\WINHTTP.dll
0x00007ffd17610000 - 0x00007ffd1767a000 	C:\WINDOWS\system32\mswsock.dll
0x00007ffcf5b50000 - 0x00007ffcf5b63000 	D:\sparta_coding\java\jdk-11\bin\nio.dll
0x00007ffcfed00000 - 0x00007ffcfed27000 	D:\sparta_coding\sparta\6week\native\e1d6ef7f7dcc3fd88c89a11ec53ec762bb8ba0a96d01ffa2cd45eb1d1d8dd5c5\windows-amd64\native-platform.dll
0x00007ffcde4f0000 - 0x00007ffcde634000 	D:\sparta_coding\sparta\6week\native\0d407fdbe67a94daf76414ababcb853783967236a71b16ec16e742cd7a986fd3\windows-amd64\native-platform-file-events.dll
0x00007ffd0b090000 - 0x00007ffd0b099000 	D:\sparta_coding\java\jdk-11\bin\management.dll
0x00007ffd03280000 - 0x00007ffd0328c000 	D:\sparta_coding\java\jdk-11\bin\management_ext.dll
0x00007ffd17830000 - 0x00007ffd17848000 	C:\WINDOWS\SYSTEM32\CRYPTSP.dll
0x00007ffd16ec0000 - 0x00007ffd16ef4000 	C:\WINDOWS\system32\rsaenh.dll
0x00007ffd17ec0000 - 0x00007ffd17ee7000 	C:\WINDOWS\System32\bcrypt.dll
0x00007ffd17d80000 - 0x00007ffd17dae000 	C:\WINDOWS\SYSTEM32\USERENV.dll
0x00007ffd17820000 - 0x00007ffd1782c000 	C:\WINDOWS\SYSTEM32\CRYPTBASE.dll
0x00007ffd17290000 - 0x00007ffd172cb000 	C:\WINDOWS\SYSTEM32\IPHLPAPI.DLL
0x00007ffd191c0000 - 0x00007ffd191c8000 	C:\WINDOWS\System32\NSI.dll
0x00007ffd11b20000 - 0x00007ffd11b37000 	C:\WINDOWS\SYSTEM32\dhcpcsvc6.DLL
0x00007ffd11b00000 - 0x00007ffd11b1d000 	C:\WINDOWS\SYSTEM32\dhcpcsvc.DLL
0x00007ffd172d0000 - 0x00007ffd1739a000 	C:\WINDOWS\SYSTEM32\DNSAPI.dll
0x00007ffcfaf20000 - 0x00007ffcfaf47000 	D:\sparta_coding\java\jdk-11\bin\sunec.dll
0x00007ffd0fb10000 - 0x00007ffd0fb1a000 	C:\Windows\System32\rasadhlp.dll
0x00007ffd0f600000 - 0x00007ffd0f680000 	C:\WINDOWS\System32\fwpuclnt.dll
0x00007ffd02020000 - 0x00007ffd0202d000 	D:\sparta_coding\java\jdk-11\bin\sunmscapi.dll
0x00007ffd18180000 - 0x00007ffd182d6000 	C:\WINDOWS\System32\CRYPT32.dll
0x00007ffd17990000 - 0x00007ffd179b7000 	C:\WINDOWS\SYSTEM32\ncrypt.dll
0x00007ffd17950000 - 0x00007ffd1798b000 	C:\WINDOWS\SYSTEM32\NTASN1.dll

dbghelp: loaded successfully - version: 4.0.5 - missing functions: none
symbol engine: initialized successfully - sym options: 0x614 - pdb path: .;D:\sparta_coding\java\jdk-11\bin;C:\WINDOWS\SYSTEM32;C:\WINDOWS\WinSxS\amd64_microsoft.windows.common-controls_6595b64144ccf1df_6.0.19041.1110_none_60b5254171f9507e;D:\sparta_coding\java\jdk-11\bin\server;D:\sparta_coding\sparta\6week\native\e1d6ef7f7dcc3fd88c89a11ec53ec762bb8ba0a96d01ffa2cd45eb1d1d8dd5c5\windows-amd64;D:\sparta_coding\sparta\6week\native\0d407fdbe67a94daf76414ababcb853783967236a71b16ec16e742cd7a986fd3\windows-amd64

VM Arguments:
jvm_args: --add-opens=java.base/java.util=ALL-UNNAMED --add-opens=java.base/java.lang=ALL-UNNAMED --add-opens=java.base/java.lang.invoke=ALL-UNNAMED --add-opens=java.base/java.util=ALL-UNNAMED --add-opens=java.prefs/java.util.prefs=ALL-UNNAMED --add-opens=java.prefs/java.util.prefs=ALL-UNNAMED --add-opens=java.base/java.nio.charset=ALL-UNNAMED --add-opens=java.base/java.net=ALL-UNNAMED --add-opens=java.base/java.util.concurrent.atomic=ALL-UNNAMED -XX:MaxMetaspaceSize=256m -XX:+HeapDumpOnOutOfMemoryError -Xms256m -Xmx512m -Dfile.encoding=UTF-8 -Duser.country=KR -Duser.language=ko -Duser.variant 
java_command: org.gradle.launcher.daemon.bootstrap.GradleDaemon 7.5
java_class_path (initial): D:\sparta_coding\sparta\6week\wrapper\dists\gradle-7.5-bin\f1w0cc9nuo0eivz97x2xlu9sv\gradle-7.5\lib\gradle-launcher-7.5.jar
Launcher Type: SUN_STANDARD

[Global flags]
     intx CICompilerCount                          = 4                                         {product} {ergonomic}
   size_t CompressedClassSpaceSize                 = 260046848                                 {product} {ergonomic}
     uint ConcGCThreads                            = 3                                         {product} {ergonomic}
     uint G1ConcRefinementThreads                  = 10                                        {product} {ergonomic}
   size_t G1HeapRegionSize                         = 1048576                                   {product} {ergonomic}
    uintx GCDrainStackTargetSize                   = 64                                        {product} {ergonomic}
     bool HeapDumpOnOutOfMemoryError               = true                                   {manageable} {command line}
   size_t InitialHeapSize                          = 268435456                                 {product} {command line}
   size_t MarkStackSize                            = 4194304                                   {product} {ergonomic}
   size_t MaxHeapSize                              = 536870912                                 {product} {command line}
   size_t MaxMetaspaceSize                         = 268435456                                 {product} {command line}
   size_t MaxNewSize                               = 321912832                                 {product} {ergonomic}
   size_t MinHeapDeltaBytes                        = 1048576                                   {product} {ergonomic}
    uintx NonNMethodCodeHeapSize                   = 5835340                                {pd product} {ergonomic}
    uintx NonProfiledCodeHeapSize                  = 122911450                              {pd product} {ergonomic}
    uintx ProfiledCodeHeapSize                     = 122911450                              {pd product} {ergonomic}
    uintx ReservedCodeCacheSize                    = 251658240                              {pd product} {ergonomic}
     bool SegmentedCodeCache                       = true                                      {product} {ergonomic}
     bool UseCompressedClassPointers               = true                                 {lp64_product} {ergonomic}
     bool UseCompressedOops                        = true                                 {lp64_product} {ergonomic}
     bool UseG1GC                                  = true                                      {product} {ergonomic}
     bool UseLargePagesIndividualAllocation        = false                                  {pd product} {ergonomic}

Logging:
Log output configuration:
 #0: stdout all=warning uptime,level,tags
 #1: stderr all=off uptime,level,tags

Environment Variables:
JAVA_HOME=D:\sparta_coding\java\jdk-11
PATH=D:\sparta_coding\java\jdk-11;C:\Program Files\Common Files\Oracle\Java\javapath;C:\Program Files (x86)\Common Files\Oracle\Java\javapath;C:\Windows\system32;C:\Windows;C:\Windows\System32\Wbem;C:\Windows\System32\WindowsPowerShell\v1.0\;C:\Windows\System32\OpenSSH\;C:\Program Files (x86)\NVIDIA Corporation\PhysX\Common;C:\Program Files\NVIDIA Corporation\NVIDIA NvDLISR;C:\WINDOWS\system32;C:\WINDOWS;C:\WINDOWS\System32\Wbem;C:\WINDOWS\System32\WindowsPowerShell\v1.0\;C:\WINDOWS\System32\OpenSSH\;C:\Program Files\Java\jdk1.8.0_241\bin;C:\Program Files\Bandizip\;D:\스파르타코딩클럽\Git\cmd;D:\sparta_coding\java\jdk-11\bin;C:\Program Files\MySQL\MySQL Shell 8.0\bin\;C:\Users\정수민\AppData\Local\Programs\Python\Python38\Scripts\;C:\Users\정수민\AppData\Local\Programs\Python\Python38\;C:\Users\정수민\AppData\Local\Microsoft\WindowsApps;C:\Users\정수민\AppData\Local\Microsoft\WindowsApps;D:\sparta_coding\IntelliJ IDEA 2022.2\bin;;
USERNAME=정수민
OS=Windows_NT
PROCESSOR_IDENTIFIER=Intel64 Family 6 Model 158 Stepping 10, GenuineIntel



---------------  S Y S T E M  ---------------

OS: Windows 10 , 64 bit Build 19041 (10.0.19041.1889)

CPU:total 12 (initial active 12) (6 cores per cpu, 2 threads per core) family 6 model 158 stepping 10, cmov, cx8, fxsr, mmx, sse, sse2, sse3, ssse3, sse4.1, sse4.2, popcnt, avx, avx2, aes, clmul, erms, rtm, 3dnowpref, lzcnt, ht, tsc, tscinvbit, bmi1, bmi2, adx, fma

Memory: 4k page, system-wide physical 16300M (3317M free)
TotalPageFile size 26546M (AvailPageFile size 3797M)
current process WorkingSet (physical memory assigned to process): 202M, peak: 498M
current process commit charge ("private bytes"): 536M, peak: 591M

vm_info: OpenJDK 64-Bit Server VM (11+28) for windows-amd64 JRE (11+28), built on Aug 23 2018 03:04:58 by "mach5one" with MS VC++ 15.5 (VS2017)

END.
